# JRE version: OpenJDK Runtime Environment 18.9 (11.0.8+10) (build 11.0.8+10)
# Java VM: OpenJDK 64-Bit Server VM 18.9 (11.0.8+10, mixed mode, tiered, compressed oops, g1 gc, linux-amd64)
Heap:
 garbage-first heap   total 55296K, used 30993K [0x00000000cae00000, 0x0000000100000000)
  region size 1024K, 24 young (24576K), 3 survivors (3072K)
 Metaspace       used 27584K, capacity 28716K, committed 29056K, reserved 1075200K
  class space    used 3454K, capacity 3901K, committed 3968K, reserved 1048576K
GC Heap History (10 events):
Event: 8,230 GC heap before
{Heap before GC invocations=0 (full 0):
 garbage-first heap   total 55296K, used 7168K [0x00000000cae00000, 0x0000000100000000)
  region size 1024K, 7 young (7168K), 0 survivors (0K)
 Metaspace       used 6714K, capacity 6799K, committed 7168K, reserved 1056768K
  class space    used 604K, capacity 647K, committed 768K, reserved 1048576K
}
Event: 8,244 GC heap after
{Heap after GC invocations=1 (full 0):
 garbage-first heap   total 55296K, used 836K [0x00000000cae00000, 0x0000000100000000)
  region size 1024K, 1 young (1024K), 1 survivors (1024K)
 Metaspace       used 6714K, capacity 6799K, committed 7168K, reserved 1056768K
  class space    used 604K, capacity 647K, committed 768K, reserved 1048576K
}
Event: 31,801 GC heap before
{Heap before GC invocations=1 (full 0):
 garbage-first heap   total 55296K, used 31556K [0x00000000cae00000, 0x0000000100000000)
  region size 1024K, 32 young (32768K), 1 survivors (1024K)
 Metaspace       used 13983K, capacity 14353K, committed 14720K, reserved 1062912K
  class space    used 1426K, capacity 1574K, committed 1664K, reserved 1048576K
}
Event: 31,847 GC heap after
{Heap after GC invocations=2 (full 0):
 garbage-first heap   total 55296K, used 3375K [0x00000000cae00000, 0x0000000100000000)
  region size 1024K, 4 young (4096K), 4 survivors (4096K)
 Metaspace       used 13983K, capacity 14353K, committed 14720K, reserved 1062912K
  class space    used 1426K, capacity 1574K, committed 1664K, reserved 1048576K
}
Event: 40,307 GC heap before
{Heap before GC invocations=2 (full 0):
 garbage-first heap   total 55296K, used 32047K [0x00000000cae00000, 0x0000000100000000)
  region size 1024K, 32 young (32768K), 4 survivors (4096K)
 Metaspace       used 17654K, capacity 18080K, committed 18432K, reserved 1064960K
  class space    used 2007K, capacity 2203K, committed 2304K, reserved 1048576K
}
Event: 40,356 GC heap after
{Heap after GC invocations=3 (full 0):
 garbage-first heap   total 55296K, used 5633K [0x00000000cae00000, 0x0000000100000000)
  region size 1024K, 3 young (3072K), 3 survivors (3072K)
 Metaspace       used 17654K, capacity 18080K, committed 18432K, reserved 1064960K
  class space    used 2007K, capacity 2203K, committed 2304K, reserved 1048576K
}
Event: 43,635 GC heap before
{Heap before GC invocations=3 (full 0):
 garbage-first heap   total 55296K, used 26113K [0x00000000cae00000, 0x0000000100000000)
  region size 1024K, 24 young (24576K), 3 survivors (3072K)
 Metaspace       used 20610K, capacity 21101K, committed 21248K, reserved 1067008K
  class space    used 2484K, capacity 2713K, committed 2816K, reserved 1048576K
}
Event: 43,689 GC heap after
{Heap after GC invocations=4 (full 0):
 garbage-first heap   total 55296K, used 6243K [0x00000000cae00000, 0x0000000100000000)
  region size 1024K, 3 young (3072K), 3 survivors (3072K)
 Metaspace       used 20610K, capacity 21101K, committed 21248K, reserved 1067008K
  class space    used 2484K, capacity 2713K, committed 2816K, reserved 1048576K
}
Event: 78,805 GC heap before
{Heap before GC invocations=5 (full 0):
 garbage-first heap   total 55296K, used 37987K [0x00000000cae00000, 0x0000000100000000)
  region size 1024K, 32 young (32768K), 3 survivors (3072K)
 Metaspace       used 25133K, capacity 25966K, committed 26240K, reserved 1073152K
  class space    used 3109K, capacity 3435K, committed 3456K, reserved 1048576K
}
Event: 78,957 GC heap after
{Heap after GC invocations=6 (full 0):
 garbage-first heap   total 55296K, used 10513K [0x00000000cae00000, 0x0000000100000000)
  region size 1024K, 3 young (3072K), 3 survivors (3072K)
 Metaspace       used 25133K, capacity 25966K, committed 26240K, reserved 1073152K
  class space    used 3109K, capacity 3435K, committed 3456K, reserved 1048576K
}

